2026-03-22 21:55:01,161 INFO o.a.j.u.JMeterUtils: Setting Locale to en_EN
2026-03-22 21:55:01,190 INFO o.a.j.JMeter: Loading user properties from: /Applications/HT/apache-jmeter-5.6.3/bin/user.properties
2026-03-22 21:55:01,191 INFO o.a.j.JMeter: Loading system properties from: /Applications/HT/apache-jmeter-5.6.3/bin/system.properties
2026-03-22 21:55:01,197 INFO o.a.j.JMeter: Copyright (c) 1998-2024 The Apache Software Foundation
2026-03-22 21:55:01,197 INFO o.a.j.JMeter: Version 5.6.3
2026-03-22 21:55:01,197 INFO o.a.j.JMeter: java.version=17.0.14
2026-03-22 21:55:01,197 INFO o.a.j.JMeter: java.vm.name=OpenJDK 64-Bit Server VM
2026-03-22 21:55:01,197 INFO o.a.j.JMeter: os.name=Mac OS X
2026-03-22 21:55:01,197 INFO o.a.j.JMeter: os.arch=x86_64
2026-03-22 21:55:01,197 INFO o.a.j.JMeter: os.version=13.7.8
2026-03-22 21:55:01,197 INFO o.a.j.JMeter: file.encoding=UTF-8
2026-03-22 21:55:01,197 INFO o.a.j.JMeter: java.awt.headless=null
2026-03-22 21:55:01,197 INFO o.a.j.JMeter: Max memory     =1073741824
2026-03-22 21:55:01,197 INFO o.a.j.JMeter: Available Processors =4
2026-03-22 21:55:01,206 INFO o.a.j.JMeter: Default Locale=English (EN)
2026-03-22 21:55:01,206 INFO o.a.j.JMeter: JMeter  Locale=English (EN)
2026-03-22 21:55:01,206 INFO o.a.j.JMeter: JMeterHome=/Applications/HT/apache-jmeter-5.6.3
2026-03-22 21:55:01,206 INFO o.a.j.JMeter: user.dir  =/Users/aleksey/code/jmeter_kafka_spring_postgres/jmeter_files
2026-03-22 21:55:01,206 INFO o.a.j.JMeter: PWD       =/Users/aleksey/code/jmeter_kafka_spring_postgres/jmeter_files
2026-03-22 21:55:01,211 INFO o.a.j.JMeter: IP: 192.168.1.241 Name: MBP-Aleksej.Dlink FullName: mbp-aleksej.dlink
2026-03-22 21:55:01,231 INFO o.a.j.JMeter: Loaded icon properties from org/apache/jmeter/images/icon.properties
2026-03-22 21:55:01,898 INFO o.a.j.JMeterGuiLauncher: Setting LAF to: com.github.weisj.darklaf.DarkLaf:com.github.weisj.darklaf.theme.SolarizedLightTheme
2026-03-22 21:55:04,607 INFO o.a.j.r.ClassFinder: Will scan jar /Applications/HT/apache-jmeter-5.6.3/lib/ext/jmeter-plugins-graphs-basic-2.0.jar with filter ExtendsClassFilter [parents=[interface org.apache.jmeter.gui.action.Command], inner=false, contains=null, notContains=null]. Consider exposing JMeter plugins via META-INF/services, and add JMeter-Skip-Class-Scanning=true manifest attribute so JMeter can skip classfile scanning
2026-03-22 21:55:04,616 INFO o.a.j.r.ClassFinder: Will scan jar /Applications/HT/apache-jmeter-5.6.3/lib/ext/jmeter-plugins-casutg-3.1.1.jar with filter ExtendsClassFilter [parents=[interface org.apache.jmeter.gui.action.Command], inner=false, contains=null, notContains=null]. Consider exposing JMeter plugins via META-INF/services, and add JMeter-Skip-Class-Scanning=true manifest attribute so JMeter can skip classfile scanning
2026-03-22 21:55:04,642 INFO o.a.j.r.ClassFinder: Will scan jar /Applications/HT/apache-jmeter-5.6.3/lib/ext/jmeter-plugins-dummy-0.4.jar with filter ExtendsClassFilter [parents=[interface org.apache.jmeter.gui.action.Command], inner=false, contains=null, notContains=null]. Consider exposing JMeter plugins via META-INF/services, and add JMeter-Skip-Class-Scanning=true manifest attribute so JMeter can skip classfile scanning
2026-03-22 21:55:04,649 INFO o.a.j.r.ClassFinder: Will scan jar /Applications/HT/apache-jmeter-5.6.3/lib/ext/jmeter-plugins-manager-1.11.jar with filter ExtendsClassFilter [parents=[interface org.apache.jmeter.gui.action.Command], inner=false, contains=null, notContains=null]. Consider exposing JMeter plugins via META-INF/services, and add JMeter-Skip-Class-Scanning=true manifest attribute so JMeter can skip classfile scanning
2026-03-22 21:55:04,788 INFO o.a.j.r.ClassFinder: Will scan jar /Applications/HT/apache-jmeter-5.6.3/lib/ext/jmeter-plugins-table-server-5.0.jar with filter ExtendsClassFilter [parents=[interface org.apache.jmeter.gui.action.Command], inner=false, contains=null, notContains=null]. Consider exposing JMeter plugins via META-INF/services, and add JMeter-Skip-Class-Scanning=true manifest attribute so JMeter can skip classfile scanning
2026-03-22 21:55:04,796 INFO o.a.j.r.ClassFinder: Will scan jar /Applications/HT/apache-jmeter-5.6.3/lib/ext/jmeter-debugger-0.6.1.jar with filter ExtendsClassFilter [parents=[interface org.apache.jmeter.gui.action.Command], inner=false, contains=null, notContains=null]. Consider exposing JMeter plugins via META-INF/services, and add JMeter-Skip-Class-Scanning=true manifest attribute so JMeter can skip classfile scanning
2026-03-22 21:55:04,818 INFO o.a.j.r.ClassFinder: Will scan jar /Applications/HT/apache-jmeter-5.6.3/lib/ext/ApacheJMeter_ssh-1.2.0.jar with filter ExtendsClassFilter [parents=[interface org.apache.jmeter.gui.action.Command], inner=false, contains=null, notContains=null]. Consider exposing JMeter plugins via META-INF/services, and add JMeter-Skip-Class-Scanning=true manifest attribute so JMeter can skip classfile scanning
2026-03-22 21:55:04,821 INFO o.a.j.r.ClassFinder: Will scan jar /Applications/HT/apache-jmeter-5.6.3/lib/ext/jmeter-plugins-fifo-0.2.jar with filter ExtendsClassFilter [parents=[interface org.apache.jmeter.gui.action.Command], inner=false, contains=null, notContains=null]. Consider exposing JMeter plugins via META-INF/services, and add JMeter-Skip-Class-Scanning=true manifest attribute so JMeter can skip classfile scanning
2026-03-22 21:55:04,827 INFO o.a.j.r.ClassFinder: Will scan jar /Applications/HT/apache-jmeter-5.6.3/lib/ext/jmeter-plugins-random-csv-data-set-0.8.jar with filter ExtendsClassFilter [parents=[interface org.apache.jmeter.gui.action.Command], inner=false, contains=null, notContains=null]. Consider exposing JMeter plugins via META-INF/services, and add JMeter-Skip-Class-Scanning=true manifest attribute so JMeter can skip classfile scanning
2026-03-22 21:55:04,830 INFO o.a.j.r.ClassFinder: Will scan jar /Applications/HT/apache-jmeter-5.6.3/lib/ext/jmeter-prometheus-plugin-0.6.0.jar with filter ExtendsClassFilter [parents=[interface org.apache.jmeter.gui.action.Command], inner=false, contains=null, notContains=null]. Consider exposing JMeter plugins via META-INF/services, and add JMeter-Skip-Class-Scanning=true manifest attribute so JMeter can skip classfile scanning
2026-03-22 21:55:04,851 INFO o.a.j.r.ClassFinder: Will scan jar /Applications/HT/apache-jmeter-5.6.3/lib/ext/jmeter-plugins-tst-2.6.jar with filter ExtendsClassFilter [parents=[interface org.apache.jmeter.gui.action.Command], inner=false, contains=null, notContains=null]. Consider exposing JMeter plugins via META-INF/services, and add JMeter-Skip-Class-Scanning=true manifest attribute so JMeter can skip classfile scanning
2026-03-22 21:55:04,947 INFO o.a.j.r.ClassFinder: Will scan jar /Applications/HT/apache-jmeter-5.6.3/lib/ext/jmeter-plugins-graphs-basic-2.0.jar with filter ExtendsClassFilter [parents=[interface org.apache.jmeter.gui.plugin.MenuCreator], inner=false, contains=null, notContains=null]. Consider exposing JMeter plugins via META-INF/services, and add JMeter-Skip-Class-Scanning=true manifest attribute so JMeter can skip classfile scanning
2026-03-22 21:55:04,949 INFO o.a.j.r.ClassFinder: Will scan jar /Applications/HT/apache-jmeter-5.6.3/lib/ext/jmeter-plugins-casutg-3.1.1.jar with filter ExtendsClassFilter [parents=[interface org.apache.jmeter.gui.plugin.MenuCreator], inner=false, contains=null, notContains=null]. Consider exposing JMeter plugins via META-INF/services, and add JMeter-Skip-Class-Scanning=true manifest attribute so JMeter can skip classfile scanning
2026-03-22 21:55:04,950 INFO o.a.j.r.ClassFinder: Will scan jar /Applications/HT/apache-jmeter-5.6.3/lib/ext/jmeter-plugins-dummy-0.4.jar with filter ExtendsClassFilter [parents=[interface org.apache.jmeter.gui.plugin.MenuCreator], inner=false, contains=null, notContains=null]. Consider exposing JMeter plugins via META-INF/services, and add JMeter-Skip-Class-Scanning=true manifest attribute so JMeter can skip classfile scanning
2026-03-22 21:55:04,950 INFO o.a.j.r.ClassFinder: Will scan jar /Applications/HT/apache-jmeter-5.6.3/lib/ext/jmeter-plugins-manager-1.11.jar with filter ExtendsClassFilter [parents=[interface org.apache.jmeter.gui.plugin.MenuCreator], inner=false, contains=null, notContains=null]. Consider exposing JMeter plugins via META-INF/services, and add JMeter-Skip-Class-Scanning=true manifest attribute so JMeter can skip classfile scanning
2026-03-22 21:55:04,953 INFO o.a.j.r.ClassFinder: Will scan jar /Applications/HT/apache-jmeter-5.6.3/lib/ext/jmeter-plugins-table-server-5.0.jar with filter ExtendsClassFilter [parents=[interface org.apache.jmeter.gui.plugin.MenuCreator], inner=false, contains=null, notContains=null]. Consider exposing JMeter plugins via META-INF/services, and add JMeter-Skip-Class-Scanning=true manifest attribute so JMeter can skip classfile scanning
2026-03-22 21:55:04,955 INFO o.a.j.r.ClassFinder: Will scan jar /Applications/HT/apache-jmeter-5.6.3/lib/ext/jmeter-debugger-0.6.1.jar with filter ExtendsClassFilter [parents=[interface org.apache.jmeter.gui.plugin.MenuCreator], inner=false, contains=null, notContains=null]. Consider exposing JMeter plugins via META-INF/services, and add JMeter-Skip-Class-Scanning=true manifest attribute so JMeter can skip classfile scanning
2026-03-22 21:55:04,956 INFO o.a.j.r.ClassFinder: Will scan jar /Applications/HT/apache-jmeter-5.6.3/lib/ext/ApacheJMeter_ssh-1.2.0.jar with filter ExtendsClassFilter [parents=[interface org.apache.jmeter.gui.plugin.MenuCreator], inner=false, contains=null, notContains=null]. Consider exposing JMeter plugins via META-INF/services, and add JMeter-Skip-Class-Scanning=true manifest attribute so JMeter can skip classfile scanning
2026-03-22 21:55:04,957 INFO o.a.j.r.ClassFinder: Will scan jar /Applications/HT/apache-jmeter-5.6.3/lib/ext/jmeter-plugins-fifo-0.2.jar with filter ExtendsClassFilter [parents=[interface org.apache.jmeter.gui.plugin.MenuCreator], inner=false, contains=null, notContains=null]. Consider exposing JMeter plugins via META-INF/services, and add JMeter-Skip-Class-Scanning=true manifest attribute so JMeter can skip classfile scanning
2026-03-22 21:55:04,958 INFO o.a.j.r.ClassFinder: Will scan jar /Applications/HT/apache-jmeter-5.6.3/lib/ext/jmeter-plugins-random-csv-data-set-0.8.jar with filter ExtendsClassFilter [parents=[interface org.apache.jmeter.gui.plugin.MenuCreator], inner=false, contains=null, notContains=null]. Consider exposing JMeter plugins via META-INF/services, and add JMeter-Skip-Class-Scanning=true manifest attribute so JMeter can skip classfile scanning
2026-03-22 21:55:04,958 INFO o.a.j.r.ClassFinder: Will scan jar /Applications/HT/apache-jmeter-5.6.3/lib/ext/jmeter-prometheus-plugin-0.6.0.jar with filter ExtendsClassFilter [parents=[interface org.apache.jmeter.gui.plugin.MenuCreator], inner=false, contains=null, notContains=null]. Consider exposing JMeter plugins via META-INF/services, and add JMeter-Skip-Class-Scanning=true manifest attribute so JMeter can skip classfile scanning
2026-03-22 21:55:04,960 INFO o.a.j.r.ClassFinder: Will scan jar /Applications/HT/apache-jmeter-5.6.3/lib/ext/jmeter-plugins-tst-2.6.jar with filter ExtendsClassFilter [parents=[interface org.apache.jmeter.gui.plugin.MenuCreator], inner=false, contains=null, notContains=null]. Consider exposing JMeter plugins via META-INF/services, and add JMeter-Skip-Class-Scanning=true manifest attribute so JMeter can skip classfile scanning
2026-03-22 21:55:05,099 INFO o.j.r.JARSourceHTTP: Requesting https://jmeter-plugins.org/repo/?installID=mac_os_x-8dd10484834d2034d519ce32c0d9e743-gui
2026-03-22 21:55:08,193 INFO o.j.r.PluginManager: Plugins Status: [jpgc-graphs-basic=2.0, blazemeter-debugger=0.6.1, jpgc-casutg=3.1.1, jpgc-dummy=0.4, jpgc-sts=5.0, jpgc-fifo=0.2, jpgc-plugins-manager=1.11, jmeter-prometheus=0.6.0, bzm-random-csv=0.8, ssh-sampler=1.2.0, jpgc-tst=2.6, jmeter-core=5.6.3, jmeter-ftp=5.6.3, jmeter-http=5.6.3, jmeter-jdbc=5.6.3, jmeter-jms=5.6.3, jmeter-junit=5.6.3, jmeter-java=5.6.3, jmeter-ldap=5.6.3, jmeter-mail=5.6.3, jmeter-mongodb=5.6.3, jmeter-native=5.6.3, jmeter-tcp=5.6.3, jmeter-components=5.6.3]
2026-03-22 21:55:16,971 INFO o.a.j.s.FileServer: Default base='/Users/aleksey/code/jmeter_kafka_spring_postgres/jmeter_files'
2026-03-22 21:55:16,974 INFO o.a.j.g.a.Load: Loading file: /Users/aleksey/code/jmeter_kafka_spring_postgres/jmeter_files/kafka_load_test.jmx
2026-03-22 21:55:16,974 INFO o.a.j.s.FileServer: Set new base='/Users/aleksey/code/jmeter_kafka_spring_postgres/jmeter_files'
2026-03-22 21:55:17,193 INFO o.a.j.s.SaveService: Testplan (JMX) version: 2.2. Testlog (JTL) version: 2.2
2026-03-22 21:55:17,201 INFO o.a.j.s.SaveService: Using SaveService properties version 5.0
2026-03-22 21:55:17,203 INFO o.a.j.s.SaveService: Using SaveService properties file encoding UTF-8
2026-03-22 21:55:17,205 INFO o.a.j.s.SaveService: Loading file: /Users/aleksey/code/jmeter_kafka_spring_postgres/jmeter_files/kafka_load_test.jmx
2026-03-22 21:55:17,470 INFO o.a.j.s.SampleResult: Note: Sample TimeStamps are START times
2026-03-22 21:55:17,471 INFO o.a.j.s.SampleResult: sampleresult.default.encoding is set to UTF-8
2026-03-22 21:55:17,474 INFO o.a.j.s.SampleResult: sampleresult.useNanoTime=true
2026-03-22 21:55:17,475 INFO o.a.j.s.SampleResult: sampleresult.nanoThreadSleep=5000
2026-03-22 21:55:17,632 INFO o.a.j.r.ClassFinder: Will scan jar /Applications/HT/apache-jmeter-5.6.3/lib/ext/jmeter-plugins-graphs-basic-2.0.jar with filter ExtendsClassFilter [parents=[interface org.apache.jmeter.visualizers.ResultRenderer], inner=false, contains=null, notContains=null]. Consider exposing JMeter plugins via META-INF/services, and add JMeter-Skip-Class-Scanning=true manifest attribute so JMeter can skip classfile scanning
2026-03-22 21:55:17,632 INFO o.a.j.r.ClassFinder: Will scan jar /Applications/HT/apache-jmeter-5.6.3/lib/ext/jmeter-plugins-casutg-3.1.1.jar with filter ExtendsClassFilter [parents=[interface org.apache.jmeter.visualizers.ResultRenderer], inner=false, contains=null, notContains=null]. Consider exposing JMeter plugins via META-INF/services, and add JMeter-Skip-Class-Scanning=true manifest attribute so JMeter can skip classfile scanning
2026-03-22 21:55:17,633 INFO o.a.j.r.ClassFinder: Will scan jar /Applications/HT/apache-jmeter-5.6.3/lib/ext/jmeter-plugins-dummy-0.4.jar with filter ExtendsClassFilter [parents=[interface org.apache.jmeter.visualizers.ResultRenderer], inner=false, contains=null, notContains=null]. Consider exposing JMeter plugins via META-INF/services, and add JMeter-Skip-Class-Scanning=true manifest attribute so JMeter can skip classfile scanning
2026-03-22 21:55:17,634 INFO o.a.j.r.ClassFinder: Will scan jar /Applications/HT/apache-jmeter-5.6.3/lib/ext/jmeter-plugins-manager-1.11.jar with filter ExtendsClassFilter [parents=[interface org.apache.jmeter.visualizers.ResultRenderer], inner=false, contains=null, notContains=null]. Consider exposing JMeter plugins via META-INF/services, and add JMeter-Skip-Class-Scanning=true manifest attribute so JMeter can skip classfile scanning
2026-03-22 21:55:17,636 INFO o.a.j.r.ClassFinder: Will scan jar /Applications/HT/apache-jmeter-5.6.3/lib/ext/jmeter-plugins-table-server-5.0.jar with filter ExtendsClassFilter [parents=[interface org.apache.jmeter.visualizers.ResultRenderer], inner=false, contains=null, notContains=null]. Consider exposing JMeter plugins via META-INF/services, and add JMeter-Skip-Class-Scanning=true manifest attribute so JMeter can skip classfile scanning
2026-03-22 21:55:17,637 INFO o.a.j.r.ClassFinder: Will scan jar /Applications/HT/apache-jmeter-5.6.3/lib/ext/jmeter-debugger-0.6.1.jar with filter ExtendsClassFilter [parents=[interface org.apache.jmeter.visualizers.ResultRenderer], inner=false, contains=null, notContains=null]. Consider exposing JMeter plugins via META-INF/services, and add JMeter-Skip-Class-Scanning=true manifest attribute so JMeter can skip classfile scanning
2026-03-22 21:55:17,638 INFO o.a.j.r.ClassFinder: Will scan jar /Applications/HT/apache-jmeter-5.6.3/lib/ext/ApacheJMeter_ssh-1.2.0.jar with filter ExtendsClassFilter [parents=[interface org.apache.jmeter.visualizers.ResultRenderer], inner=false, contains=null, notContains=null]. Consider exposing JMeter plugins via META-INF/services, and add JMeter-Skip-Class-Scanning=true manifest attribute so JMeter can skip classfile scanning
2026-03-22 21:55:17,639 INFO o.a.j.r.ClassFinder: Will scan jar /Applications/HT/apache-jmeter-5.6.3/lib/ext/jmeter-plugins-fifo-0.2.jar with filter ExtendsClassFilter [parents=[interface org.apache.jmeter.visualizers.ResultRenderer], inner=false, contains=null, notContains=null]. Consider exposing JMeter plugins via META-INF/services, and add JMeter-Skip-Class-Scanning=true manifest attribute so JMeter can skip classfile scanning
2026-03-22 21:55:17,639 INFO o.a.j.r.ClassFinder: Will scan jar /Applications/HT/apache-jmeter-5.6.3/lib/ext/jmeter-plugins-random-csv-data-set-0.8.jar with filter ExtendsClassFilter [parents=[interface org.apache.jmeter.visualizers.ResultRenderer], inner=false, contains=null, notContains=null]. Consider exposing JMeter plugins via META-INF/services, and add JMeter-Skip-Class-Scanning=true manifest attribute so JMeter can skip classfile scanning
2026-03-22 21:55:17,640 INFO o.a.j.r.ClassFinder: Will scan jar /Applications/HT/apache-jmeter-5.6.3/lib/ext/jmeter-prometheus-plugin-0.6.0.jar with filter ExtendsClassFilter [parents=[interface org.apache.jmeter.visualizers.ResultRenderer], inner=false, contains=null, notContains=null]. Consider exposing JMeter plugins via META-INF/services, and add JMeter-Skip-Class-Scanning=true manifest attribute so JMeter can skip classfile scanning
2026-03-22 21:55:17,642 INFO o.a.j.r.ClassFinder: Will scan jar /Applications/HT/apache-jmeter-5.6.3/lib/ext/jmeter-plugins-tst-2.6.jar with filter ExtendsClassFilter [parents=[interface org.apache.jmeter.visualizers.ResultRenderer], inner=false, contains=null, notContains=null]. Consider exposing JMeter plugins via META-INF/services, and add JMeter-Skip-Class-Scanning=true manifest attribute so JMeter can skip classfile scanning
2026-03-22 21:55:17,662 INFO o.a.j.r.ClassFinder: Will scan jar /Applications/HT/apache-jmeter-5.6.3/lib/ext/jmeter-plugins-graphs-basic-2.0.jar with filter ExtendsClassFilter [parents=[interface org.apache.jmeter.visualizers.RequestView], inner=false, contains=null, notContains=null]. Consider exposing JMeter plugins via META-INF/services, and add JMeter-Skip-Class-Scanning=true manifest attribute so JMeter can skip classfile scanning
2026-03-22 21:55:17,663 INFO o.a.j.r.ClassFinder: Will scan jar /Applications/HT/apache-jmeter-5.6.3/lib/ext/jmeter-plugins-casutg-3.1.1.jar with filter ExtendsClassFilter [parents=[interface org.apache.jmeter.visualizers.RequestView], inner=false, contains=null, notContains=null]. Consider exposing JMeter plugins via META-INF/services, and add JMeter-Skip-Class-Scanning=true manifest attribute so JMeter can skip classfile scanning
2026-03-22 21:55:17,664 INFO o.a.j.r.ClassFinder: Will scan jar /Applications/HT/apache-jmeter-5.6.3/lib/ext/jmeter-plugins-dummy-0.4.jar with filter ExtendsClassFilter [parents=[interface org.apache.jmeter.visualizers.RequestView], inner=false, contains=null, notContains=null]. Consider exposing JMeter plugins via META-INF/services, and add JMeter-Skip-Class-Scanning=true manifest attribute so JMeter can skip classfile scanning
2026-03-22 21:55:17,664 INFO o.a.j.r.ClassFinder: Will scan jar /Applications/HT/apache-jmeter-5.6.3/lib/ext/jmeter-plugins-manager-1.11.jar with filter ExtendsClassFilter [parents=[interface org.apache.jmeter.visualizers.RequestView], inner=false, contains=null, notContains=null]. Consider exposing JMeter plugins via META-INF/services, and add JMeter-Skip-Class-Scanning=true manifest attribute so JMeter can skip classfile scanning
2026-03-22 21:55:17,667 INFO o.a.j.r.ClassFinder: Will scan jar /Applications/HT/apache-jmeter-5.6.3/lib/ext/jmeter-plugins-table-server-5.0.jar with filter ExtendsClassFilter [parents=[interface org.apache.jmeter.visualizers.RequestView], inner=false, contains=null, notContains=null]. Consider exposing JMeter plugins via META-INF/services, and add JMeter-Skip-Class-Scanning=true manifest attribute so JMeter can skip classfile scanning
2026-03-22 21:55:17,668 INFO o.a.j.r.ClassFinder: Will scan jar /Applications/HT/apache-jmeter-5.6.3/lib/ext/jmeter-debugger-0.6.1.jar with filter ExtendsClassFilter [parents=[interface org.apache.jmeter.visualizers.RequestView], inner=false, contains=null, notContains=null]. Consider exposing JMeter plugins via META-INF/services, and add JMeter-Skip-Class-Scanning=true manifest attribute so JMeter can skip classfile scanning
2026-03-22 21:55:17,669 INFO o.a.j.r.ClassFinder: Will scan jar /Applications/HT/apache-jmeter-5.6.3/lib/ext/ApacheJMeter_ssh-1.2.0.jar with filter ExtendsClassFilter [parents=[interface org.apache.jmeter.visualizers.RequestView], inner=false, contains=null, notContains=null]. Consider exposing JMeter plugins via META-INF/services, and add JMeter-Skip-Class-Scanning=true manifest attribute so JMeter can skip classfile scanning
2026-03-22 21:55:17,670 INFO o.a.j.r.ClassFinder: Will scan jar /Applications/HT/apache-jmeter-5.6.3/lib/ext/jmeter-plugins-fifo-0.2.jar with filter ExtendsClassFilter [parents=[interface org.apache.jmeter.visualizers.RequestView], inner=false, contains=null, notContains=null]. Consider exposing JMeter plugins via META-INF/services, and add JMeter-Skip-Class-Scanning=true manifest attribute so JMeter can skip classfile scanning
2026-03-22 21:55:17,670 INFO o.a.j.r.ClassFinder: Will scan jar /Applications/HT/apache-jmeter-5.6.3/lib/ext/jmeter-plugins-random-csv-data-set-0.8.jar with filter ExtendsClassFilter [parents=[interface org.apache.jmeter.visualizers.RequestView], inner=false, contains=null, notContains=null]. Consider exposing JMeter plugins via META-INF/services, and add JMeter-Skip-Class-Scanning=true manifest attribute so JMeter can skip classfile scanning
2026-03-22 21:55:17,670 INFO o.a.j.r.ClassFinder: Will scan jar /Applications/HT/apache-jmeter-5.6.3/lib/ext/jmeter-prometheus-plugin-0.6.0.jar with filter ExtendsClassFilter [parents=[interface org.apache.jmeter.visualizers.RequestView], inner=false, contains=null, notContains=null]. Consider exposing JMeter plugins via META-INF/services, and add JMeter-Skip-Class-Scanning=true manifest attribute so JMeter can skip classfile scanning
2026-03-22 21:55:17,672 INFO o.a.j.r.ClassFinder: Will scan jar /Applications/HT/apache-jmeter-5.6.3/lib/ext/jmeter-plugins-tst-2.6.jar with filter ExtendsClassFilter [parents=[interface org.apache.jmeter.visualizers.RequestView], inner=false, contains=null, notContains=null]. Consider exposing JMeter plugins via META-INF/services, and add JMeter-Skip-Class-Scanning=true manifest attribute so JMeter can skip classfile scanning
2026-03-22 21:55:18,278 INFO o.a.j.s.FileServer: Set new base='/Users/aleksey/code/jmeter_kafka_spring_postgres/jmeter_files'
